<?xml version="1.0" encoding="UTF-8"?>
<testng-results skipped="0" failed="0" total="1" passed="1">
  <reporter-output>
  </reporter-output>
  <suite name="com.simplemaven.framework.sampleselenium.SampleTest" duration-ms="6814" started-at="2018-02-04T18:32:30Z" finished-at="2018-02-04T18:32:37Z">
    <groups>
    </groups>
    <test name="Command line test" duration-ms="6814" started-at="2018-02-04T18:32:30Z" finished-at="2018-02-04T18:32:37Z">
      <class name="com.simplemaven.framework.sampleselenium.SampleTest">
        <test-method status="PASS" signature="Login()[pri:0, instance:com.simplemaven.framework.sampleselenium.SampleTest@3d24753a]" name="Login" duration-ms="6789" started-at="2018-02-04T18:32:30Z" finished-at="2018-02-04T18:32:37Z">
          <reporter-output>
          </reporter-output>
        </test-method> <!-- Login -->
      </class> <!-- com.simplemaven.framework.sampleselenium.SampleTest -->
    </test> <!-- Command line test -->
  </suite> <!-- com.simplemaven.framework.sampleselenium.SampleTest -->
</testng-results>
